\BOOKMARK [0][-]{section*.2}{Solcelle}{}% 2
\BOOKMARK [1][-]{section*.1}{Sammendrag}{section*.2}% 1
\BOOKMARK [1][-]{section*.3}{Introduksjon}{section*.2}% 3
\BOOKMARK [1][-]{section*.4}{Teori}{section*.2}% 4
\BOOKMARK [2][-]{section*.5}{Kretsteori}{section*.4}% 5
\BOOKMARK [2][-]{section*.6}{Halvledere og solceller}{section*.4}% 6
\BOOKMARK [1][-]{section*.7}{Eksperimentelt}{section*.2}% 7
\BOOKMARK [2][-]{section*.8}{Str\370m-spenningskarkateristikk}{section*.7}% 8
\BOOKMARK [3][-]{section*.9}{Med ytre spenningskilde}{section*.8}% 9
\BOOKMARK [3][-]{section*.11}{Uten ytre spenningskilde}{section*.8}% 10
\BOOKMARK [2][-]{section*.13}{Solcellens optimale belastning}{section*.7}% 11
\BOOKMARK [2][-]{section*.15}{Kombinasjon av enkeltsolceller i et solcellepanel}{section*.7}% 12
\BOOKMARK [2][-]{section*.17}{Solcellens virkningsgrad}{section*.7}% 13
\BOOKMARK [1][-]{section*.19}{Resultater}{section*.2}% 14
\BOOKMARK [2][-]{section*.20}{Str\370m-spenningskarkateristikk}{section*.19}% 15
\BOOKMARK [2][-]{section*.24}{Solcellens optimale belastning}{section*.19}% 16
\BOOKMARK [2][-]{section*.26}{Kombinasjon av enkeltsolceller i et solcellepanel}{section*.19}% 17
\BOOKMARK [2][-]{section*.28}{Solcellens virkningsgrad}{section*.19}% 18
\BOOKMARK [1][-]{section*.29}{Diskusjon}{section*.2}% 19
\BOOKMARK [2][-]{section*.30}{Str\370m-spenningkarakteristikk}{section*.29}% 20
\BOOKMARK [2][-]{section*.31}{Solcellens optimale belastning}{section*.29}% 21
\BOOKMARK [2][-]{section*.32}{Kombinasjon av enkeltsolceller i et solcellepanel}{section*.29}% 22
\BOOKMARK [2][-]{section*.33}{Solcellens virkningsgrad}{section*.29}% 23
\BOOKMARK [1][-]{section*.34}{Konklusjon}{section*.2}% 24
\BOOKMARK [2][-]{section*.35}{Utstyrsliste}{section*.34}% 25
\BOOKMARK [1][-]{section*.36}{Referanser}{section*.2}% 26
