\BOOKMARK [0][-]{section*.2}{Magnetisme}{}% 2
\BOOKMARK [1][-]{section*.1}{Sammendrag}{section*.2}% 1
\BOOKMARK [1][-]{section*.3}{Introduksjon}{section*.2}% 3
\BOOKMARK [1][-]{section*.4}{Teori}{section*.2}% 4
\BOOKMARK [2][-]{section*.5}{Diamagnetisme}{section*.4}% 5
\BOOKMARK [2][-]{section*.6}{Paramagnetisme og ferromagnetisme}{section*.4}% 6
\BOOKMARK [2][-]{section*.7}{Faraday-effekten}{section*.4}% 7
\BOOKMARK [2][-]{section*.8}{Usikkerhet}{section*.4}% 8
\BOOKMARK [1][-]{section*.9}{Eksperimentelt}{section*.2}% 9
\BOOKMARK [2][-]{section*.10}{Utstyrsliste}{section*.9}% 10
\BOOKMARK [2][-]{section*.11}{Diamagnetisme}{section*.9}% 11
\BOOKMARK [2][-]{section*.13}{Ferromagnetisme}{section*.9}% 12
\BOOKMARK [2][-]{section*.15}{Faraday-effekten}{section*.9}% 13
\BOOKMARK [1][-]{section*.17}{Resultater}{section*.2}% 14
\BOOKMARK [2][-]{section*.18}{Diamagnetisme}{section*.17}% 15
\BOOKMARK [2][-]{section*.21}{Ferromagnetisme}{section*.17}% 16
\BOOKMARK [2][-]{section*.26}{Faraday-effekten}{section*.17}% 17
\BOOKMARK [1][-]{section*.29}{Diskusjon}{section*.2}% 18
\BOOKMARK [2][-]{section*.30}{Diamagnetisme}{section*.29}% 19
\BOOKMARK [2][-]{section*.31}{Ferromagnetisme}{section*.29}% 20
\BOOKMARK [2][-]{section*.32}{Faraday-effekten}{section*.29}% 21
\BOOKMARK [1][-]{section*.33}{Konklusjon}{section*.2}% 22
\BOOKMARK [1][-]{section*.34}{Referanser}{section*.2}% 23
