\BOOKMARK [0][-]{section*.2}{M\345ling av multimetere, temperaturm\345ling med termistor og kretser med frekvensavhengig respons}{}% 2
\BOOKMARK [1][-]{section*.1}{Sammendrag}{section*.2}% 1
\BOOKMARK [1][-]{section*.3}{Introduksjon}{section*.2}% 3
\BOOKMARK [1][-]{section*.4}{Teori}{section*.2}% 4
\BOOKMARK [1][-]{section*.5}{Metode}{section*.2}% 5
\BOOKMARK [2][-]{section*.6}{Utstyrsliste}{section*.5}% 6
\BOOKMARK [2][-]{section*.7}{M\345ling av multimetere}{section*.5}% 7
\BOOKMARK [2][-]{section*.9}{Motstand, likestr\370m og likespenningsm\345linger med multimeter}{section*.5}% 8
\BOOKMARK [2][-]{section*.11}{Automatiserte m\345linger av termistor-motstand}{section*.5}% 9
\BOOKMARK [2][-]{section*.13}{Vekselspenning med frekvensgenerator, oscilloscop og multimeter}{section*.5}% 10
\BOOKMARK [2][-]{section*.15}{Krets med frekvensavhengig respons}{section*.5}% 11
\BOOKMARK [1][-]{section*.17}{Resultater}{section*.2}% 12
\BOOKMARK [2][-]{section*.18}{M\345ling av multimetre}{section*.17}% 13
\BOOKMARK [2][-]{section*.20}{Motstand, likestr\370m og likespenningsm\345linger med multimeter}{section*.17}% 14
\BOOKMARK [2][-]{section*.23}{M\345le temperatur ved hjelp av resistanse}{section*.17}% 15
\BOOKMARK [2][-]{section*.25}{Vekselspenning med frekvensgenerator, oscilloscop og multimeter}{section*.17}% 16
\BOOKMARK [2][-]{section*.27}{Krets med frekvensavhengig respons}{section*.17}% 17
\BOOKMARK [1][-]{section*.30}{Diskusjon}{section*.2}% 18
\BOOKMARK [2][-]{section*.31}{M\345ling av multimetere}{section*.30}% 19
\BOOKMARK [2][-]{section*.32}{Motstand, likestr\370m og likespenningsm\345linger med multimeter}{section*.30}% 20
\BOOKMARK [2][-]{section*.33}{Automatiserte m\345linger av termistor-motstand}{section*.30}% 21
\BOOKMARK [2][-]{section*.34}{Vekselspenning med frekvensgenerator, oscilloscop og multimeter}{section*.30}% 22
\BOOKMARK [2][-]{section*.35}{Krets med frekvensavhengig respons}{section*.30}% 23
\BOOKMARK [1][-]{section*.36}{Konklusjon}{section*.2}% 24
\BOOKMARK [1][-]{section*.37}{Referanser}{section*.2}% 25
